2021-11-04 16:46:22,498 writer_[1]        [WRITE] {"req_": "write", "res_": [0, 1, 2, 3, 4, 5, 6, 7, 8, 9]}
2021-11-04 16:46:22,498 reader_[1]        [READ] {"req_": ">= 2", "res_": []}
2021-11-04 16:46:22,578 writer_[3]        [WRITE] {"req_": "write", "res_": [20, 21, 22, 23, 24, 25, 26, 27, 28, 29]}
2021-11-04 16:46:22,651 writer_[2]        [WRITE] {"req_": "write", "res_": [10, 11, 12, 13, 14, 15, 16, 17, 18, 19]}
2021-11-04 16:46:22,724 writer_[1]        [WRITE] {"req_": "write", "res_": [30, 31, 32, 33, 34, 35, 36, 37, 38, 39]}
2021-11-04 16:46:22,798 writer_[3]        [WRITE] {"req_": "write", "res_": [40, 41, 42, 43, 44, 45, 46, 47, 48, 49]}
2021-11-04 16:46:22,866 writer_[2]        [WRITE] {"req_": "write", "res_": [50, 51, 52, 53, 54, 55, 56, 57, 58, 59]}
2021-11-04 16:46:22,944 writer_[1]        [WRITE] {"req_": "write", "res_": [60, 61, 62, 63, 64, 65, 66, 67, 68, 69]}
2021-11-04 16:46:23,017 writer_[3]        [WRITE] {"req_": "write", "res_": [70, 71, 72, 73, 74, 75, 76, 77, 78, 79]}
2021-11-04 16:46:23,091 writer_[2]        [WRITE] {"req_": "write", "res_": [80, 81, 82, 83, 84, 85, 86, 87, 88, 89]}
2021-11-04 16:46:23,201 writer_[1]        [WRITE] {"req_": "write", "res_": [90, 91, 92, 93, 94, 95, 96, 97, 98, 99]}
2021-11-04 16:46:23,273 writer_[3]        [WRITE] {"req_": "write", "res_": [100, 101, 102, 103, 104, 105, 106, 107, 108, 109]}
2021-11-04 16:46:23,353 writer_[2]        [WRITE] {"req_": "write", "res_": [110, 111, 112, 113, 114, 115, 116, 117, 118, 119]}
2021-11-04 16:46:23,391 writer_[1]        [WRITE] {"req_": "write", "res_": [120, 121, 122, 123, 124, 125, 126, 127, 128, 129]}
2021-11-04 16:46:23,465 writer_[3]        [WRITE] {"req_": "write", "res_": [130, 131, 132, 133, 134, 135, 136, 137, 138, 139]}
2021-11-04 16:46:23,538 writer_[2]        [WRITE] {"req_": "write", "res_": [140, 141, 142, 143, 144, 145, 146, 147, 148, 149]}
2021-11-04 16:46:23,615 writer_[1]        [WRITE] {"req_": "write", "res_": [150, 151, 152, 153, 154, 155, 156, 157, 158, 159]}
2021-11-04 16:46:23,688 writer_[3]        [WRITE] {"req_": "write", "res_": [160, 161, 162, 163, 164, 165, 166, 167, 168, 169]}
2021-11-04 16:46:23,761 writer_[2]        [WRITE] {"req_": "write", "res_": [170, 171, 172, 173, 174, 175, 176, 177, 178, 179]}
2021-11-04 16:46:23,873 writer_[1]        [WRITE] {"req_": "write", "res_": [180, 181, 182, 183, 184, 185, 186, 187, 188, 189]}
2021-11-04 16:46:23,953 writer_[3]        [WRITE] {"req_": "write", "res_": [190, 191, 192, 193, 194, 195, 196, 197, 198, 199]}
2021-11-04 16:46:24,021 writer_[2]        [WRITE] {"req_": "write", "res_": [200, 201, 202, 203, 204, 205, 206, 207, 208, 209]}
2021-11-04 16:46:24,060 writer_[1]        [WRITE] {"req_": "write", "res_": [210, 211, 212, 213, 214, 215, 216, 217, 218, 219]}
2021-11-04 16:46:24,139 writer_[3]        [WRITE] {"req_": "write", "res_": [220, 221, 222, 223, 224, 225, 226, 227, 228, 229]}
2021-11-04 16:46:24,214 writer_[2]        [WRITE] {"req_": "write", "res_": [230, 231, 232, 233, 234, 235, 236, 237, 238, 239]}
2021-11-04 16:46:24,294 writer_[1]        [WRITE] {"req_": "write", "res_": [240, 241, 242, 243, 244, 245, 246, 247, 248, 249]}
2021-11-04 16:46:24,374 writer_[3]        [WRITE] {"req_": "write", "res_": [250, 251, 252, 253, 254, 255, 256, 257, 258, 259]}
2021-11-04 16:46:24,463 writer_[2]        [WRITE] {"req_": "write", "res_": [260, 261, 262, 263, 264, 265, 266, 267, 268, 269]}
2021-11-04 16:46:24,585 writer_[1]        [WRITE] {"req_": "write", "res_": [270, 271, 272, 273, 274, 275, 276, 277, 278, 279]}
2021-11-04 16:46:24,653 writer_[3]        [WRITE] {"req_": "write", "res_": [280, 281, 282, 283, 284, 285, 286, 287, 288, 289]}
2021-11-04 16:46:24,745 writer_[2]        [WRITE] {"req_": "write", "res_": [290, 291, 292, 293, 294, 295, 296, 297, 298, 299]}
2021-11-04 16:46:24,861 reader_[1]        [READ] {"req_": "> 34", "res_": [290, 291, 292, 293, 294, 295, 296, 297, 298, 299]}
2021-11-04 16:46:24,861 reader_[2]        [READ] {"req_": "> 4", "res_": [290, 291, 292, 293, 294, 295, 296, 297, 298, 299]}
2021-11-04 16:46:25,013 reader_[1]        [READ] {"req_": "< 290", "res_": []}
2021-11-04 16:46:25,018 reader_[2]        [READ] {"req_": ">= 291", "res_": [291, 292, 293, 294, 295, 296, 297, 298, 299]}
2021-11-04 16:46:25,178 reader_[2]        [READ] {"req_": "<= 290", "res_": [290]}
2021-11-04 16:46:25,209 reader_[1]        [READ] {"req_": "<= 294", "res_": [290, 291, 292, 293, 294]}
2021-11-04 16:46:25,323 reader_[1]        [READ] {"req_": "% 292", "res_": [292]}
2021-11-04 16:46:25,337 reader_[2]        [READ] {"req_": "<= 290", "res_": [290]}
2021-11-04 16:46:25,449 reader_[1]        [READ] {"req_": "<= 294", "res_": [290, 291, 292, 293, 294]}
2021-11-04 16:46:25,497 reader_[2]        [READ] {"req_": "= 292", "res_": [292]}
2021-11-04 16:46:25,630 reader_[2]        [READ] {"req_": ">= 290", "res_": [290, 291, 292, 293, 294, 295, 296, 297, 298, 299]}
2021-11-04 16:46:25,641 reader_[1]        [READ] {"req_": "<= 291", "res_": [290, 291]}
2021-11-04 16:46:25,775 reader_[1]        [READ] {"req_": "= 292", "res_": [292]}
2021-11-04 16:46:25,801 reader_[2]        [READ] {"req_": "> 294", "res_": [295, 296, 297, 298, 299]}
2021-11-04 16:46:25,894 reader_[1]        [READ] {"req_": "> 291", "res_": [292, 293, 294, 295, 296, 297, 298, 299]}
2021-11-04 16:46:25,942 reader_[2]        [READ] {"req_": ">= 294", "res_": [294, 295, 296, 297, 298, 299]}
2021-11-04 16:46:26,070 reader_[2]        [READ] {"req_": "% 290", "res_": [290]}
2021-11-04 16:46:26,085 reader_[1]        [READ] {"req_": "<= 295", "res_": [290, 291, 292, 293, 294, 295]}
2021-11-04 16:46:26,185 reader_[2]        [READ] {"req_": "% 290", "res_": [290]}
